2021/02/04 13:22:57 {"callers":["C:/develop/go-blog/main.go: 58 main.init.0"],"level":"info","message":"zhourenjie: go-programming-tour-books/blog-service","time":1612416177775566900}
2021/02/04 13:30:36 {"callers":["C:/develop/go-blog/main.go: 58 main.init.0"],"level":"info","message":"zhourenjie: go-programming-tour-books/blog-service","time":1612416636052211500}
2021/02/04 13:47:56 {"callers":["C:/develop/go-blog/main.go: 60 main.init.0"],"level":"info","message":"zhourenjie: go-programming-tour-books/blog-service","time":1612417676663016200}
2021/02/04 14:50:19 {"callers":["C:/develop/go-blog/main.go: 59 main.init.0"],"level":"info","message":"zhourenjie: go-programming-tour-books/blog-service","time":1612421419524792800}
2021/02/04 14:57:41 {"callers":["C:/develop/go-blog/main.go: 59 main.init.0"],"level":"info","message":"zhourenjie: go-programming-tour-books/blog-service","time":1612421861809022500}
2021/02/04 14:58:33 {"callers":["C:/develop/go-blog/main.go: 59 main.init.0"],"level":"info","message":"zhourenjie: go-programming-tour-books/blog-service","time":1612421913360973300}
2021/02/04 15:19:45 {"callers":["C:/develop/go-blog/main.go: 59 main.init.0"],"level":"info","message":"zhourenjie: go-programming-tour-books/blog-service","time":1612423185072358600}
2021/02/04 15:28:41 {"callers":["C:/develop/go-blog/main.go: 59 main.init.0"],"level":"info","message":"zhourenjie: go-programming-tour-books/blog-service","time":1612423721759789400}
2021/02/04 15:28:53 {"callers":["C:/develop/go-blog/main.go: 59 main.init.0"],"level":"info","message":"zhourenjie: go-programming-tour-books/blog-service","time":1612423733275416700}
2021/02/04 15:32:50 {"callers":["/mnt/develop/go-blog/main.go: 59 main.init.0"],"level":"info","message":"zhourenjie: go-programming-tour-books/blog-service","time":1612423970588042798}
2021/02/04 15:38:25 {"callers":["/mnt/develop/go-blog/main.go: 59 main.init.0"],"level":"info","message":"zhourenjie: go-programming-tour-books/blog-service","time":1612424305333174418}
2021/02/04 16:07:54 {"callers":["C:/develop/go-blog/main.go: 59 main.init.0"],"level":"info","message":"zhourenjie: go-programming-tour-books/blog-service","time":1612426074413590400}
2021/02/04 16:16:01 {"callers":["C:/develop/go-blog/main.go: 59 main.init.0"],"level":"info","message":"zhourenjie: go-programming-tour-books/blog-service","time":1612426561098658400}
2021/02/04 16:24:52 {"callers":["C:/develop/go-blog/main.go: 59 main.init.0"],"level":"info","message":"zhourenjie: go-programming-tour-books/blog-service","time":1612427092800692500}
2021/02/05 13:18:56 {"callers":["C:/develop/go-blog/main.go: 64 main.init.0"],"level":"info","message":"zhourenjie: go-programming-tour-books/blog-service","time":1612502336629051000}
2021/02/05 13:25:01 {"callers":["C:/develop/go-blog/main.go: 64 main.init.0"],"level":"info","message":"zhourenjie: go-programming-tour-books/blog-service","time":1612502701032145400}
2021/02/05 13:27:12 {"callers":["C:/develop/go-blog/main.go: 64 main.init.0"],"level":"info","message":"zhourenjie: go-programming-tour-books/blog-service","time":1612502832789841500}
2021/02/05 13:27:32 {"callers":["C:/develop/go-blog/main.go: 64 main.init.0"],"level":"info","message":"zhourenjie: go-programming-tour-books/blog-service","time":1612502852015224500}
2021/02/05 13:33:16 {"callers":["C:/develop/go-blog/main.go: 64 main.init.0"],"level":"info","message":"zhourenjie: go-programming-tour-books/blog-service","time":1612503196404016400}
2021/02/05 13:33:47 {"callers":["C:/develop/go-blog/main.go: 64 main.init.0"],"level":"info","message":"zhourenjie: go-programming-tour-books/blog-service","time":1612503227124155900}
2021/02/05 13:34:09 {"callers":["C:/develop/go-blog/main.go: 64 main.init.0"],"level":"info","message":"zhourenjie: go-programming-tour-books/blog-service","time":1612503249187847400}
2021/02/05 13:34:18 {"callers":["C:/develop/go-blog/main.go: 64 main.init.0"],"level":"error","message":"app.BindAndValid errs: State必须是[0 1]中的一个","time":1612503258713364100}
2021/02/05 13:57:45 {"callers":["C:/develop/go-blog/main.go: 64 main.init.0"],"level":"error","message":"app.BindAndValid errs: State必须是[0 1]中的一个","time":1612504665296669700}
2021/02/05 13:58:02 {"callers":["C:/develop/go-blog/main.go: 64 main.init.0"],"level":"error","message":"app.BindAndValid errs: State必须是[0 1]中的一个","time":1612504682365703300}
2021/02/05 13:59:56 {"callers":["C:/develop/go-blog/main.go: 64 main.init.0"],"level":"info","message":"zhourenjie: go-programming-tour-books/blog-service","time":1612504796429863200}
2021/02/05 14:00:06 {"callers":["C:/develop/go-blog/main.go: 64 main.init.0"],"level":"error","message":"app.BindAndValid errs: State必须是[0 1]中的一个","time":1612504806897390000}
2021/02/05 14:00:59 {"callers":["C:/develop/go-blog/main.go: 64 main.init.0"],"level":"info","message":"zhourenjie: go-programming-tour-books/blog-service","time":1612504859828207300}
2021/02/05 14:01:04 {"callers":["C:/develop/go-blog/main.go: 64 main.init.0"],"level":"error","message":"app.BindAndValid errs: State必须是[0 1]中的一个","time":1612504864242986800}
2021/02/05 14:07:30 {"callers":["C:/develop/go-blog/main.go: 64 main.init.0"],"level":"info","message":"zhourenjie: go-programming-tour-books/blog-service","time":1612505250659281500}
2021/02/05 14:07:36 {"callers":["C:/develop/go-blog/main.go: 64 main.init.0"],"level":"error","message":"app.BindAndValid errs: State必须是[0 1]中的一个","time":1612505256835251900}
2021/02/05 14:54:05 {"callers":["C:/develop/go-blog/main.go: 43 main.init.0"],"level":"info","message":"zhourenjie: go-programming-tour-books/blog-service","time":1612508045145760400}
2021/02/05 14:54:21 {"callers":["C:/develop/go-blog/main.go: 43 main.init.0"],"level":"error","message":"app.BindAndValid errs: State必须是[0 1]中的一个","time":1612508061363675300}
2021/02/19 15:56:31 {"callers":["C:/develop/go-blog/main.go: 43 main.init.0"],"level":"info","message":"zhourenjie: go-programming-tour-books/blog-service","time":1613721391911371800}
2021/02/19 16:05:04 {"callers":["C:/develop/go-blog/main.go: 43 main.init.0"],"level":"error","message":"app.BindAndValid errs: Name为必填字段,CreatedBy为必填字段","time":1613721904267416000}
2021/02/19 16:09:58 {"callers":["C:/develop/go-blog/main.go: 43 main.init.0"],"level":"error","message":"app.BindAndValid errs: Name长度必须至少为3个字符","time":1613722198576337100}
2021/02/19 16:18:38 {"callers":["C:/develop/go-blog/main.go: 43 main.init.0"],"level":"error","message":"app.BindAndValid errs: Name长度必须至少为3个字符","time":1613722718147572100}
2021/02/19 16:23:55 {"callers":["C:/develop/go-blog/main.go: 43 main.init.0"],"level":"info","message":"zhourenjie: go-programming-tour-books/blog-service","time":1613723035452940000}
2021/02/19 17:10:11 {"callers":["C:/develop/go-blog/main.go: 43 main.init.0"],"level":"info","message":"zhourenjie: go-programming-tour-books/blog-service","time":1613725811474472200}
2021/02/19 17:50:44 {"callers":["C:/develop/go-blog/main.go: 43 main.init.0"],"level":"info","message":"zhourenjie: go-programming-tour-books/blog-service","time":1613728244876927900}
2021/02/19 17:56:39 {"callers":["C:/develop/go-blog/main.go: 43 main.init.0"],"level":"error","message":"svc.CreateTag err: Error 1054: Unknown column 'created_by' in 'field list'","time":1613728599271907700}
2021/02/19 18:11:54 {"callers":["C:/develop/go-blog/main.go: 43 main.init.0"],"level":"error","message":"svc.CreateTag err: Error 1054: Unknown column 'state' in 'field list'","time":1613729514973221200}
2021/02/19 18:12:16 {"callers":["C:/develop/go-blog/main.go: 43 main.init.0"],"level":"info","message":"zhourenjie: go-programming-tour-books/blog-service","time":1613729536394285400}
2021/02/19 18:16:13 {"callers":["C:/develop/go-blog/main.go: 43 main.init.0"],"level":"error","message":"svc.CreateTag err: Error 1054: Unknown column 'state' in 'field list'","time":1613729773557374500}
2021/02/19 18:21:21 {"callers":["C:/develop/go-blog/main.go: 43 main.init.0"],"level":"error","message":"app.BindAndValid errs: Name长度必须至少为3个字符","time":1613730081912767100}
2021/02/25 17:27:56 {"callers":["C:/develop/go-blog/main.go: 43 main.init.0"],"level":"info","message":"zhourenjie: go-programming-tour-books/blog-service","time":1614245276707341800}
2021/02/25 17:28:03 {"callers":["C:/develop/go-blog/main.go: 43 main.init.0"],"level":"info","message":"zhourenjie: go-programming-tour-books/blog-service","time":1614245283717882000}
